

times in msec
 clock   self+sourced   self:  sourced script
 clock   elapsed:              other lines

000.009  000.009: --- NVIM STARTING ---
000.092  000.083: event init
000.183  000.091: early init
001.111  000.928: locale set
001.157  000.046: init first window
001.440  000.283: inits 1
001.458  000.018: window checked
001.459  000.001: parsing arguments
001.788  000.063  000.063: require('vim.shared')
001.859  000.025  000.025: require('vim._meta')
001.860  000.070  000.045: require('vim._editor')
001.862  000.157  000.025: require('vim._init_packages')
001.863  000.247: init lua interpreter
004.089  002.226: expanding arguments
004.105  000.016: inits 2
004.306  000.201: init highlight
004.307  000.001: waiting for UI
004.402  000.095: done waiting for UI
004.408  000.007: clear screen
004.529  000.120: init default mappings & autocommands
005.671  000.040  000.040: sourcing /opt/homebrew/Cellar/neovim/0.9.1/share/nvim/runtime/ftplugin.vim
005.792  000.019  000.019: sourcing /opt/homebrew/Cellar/neovim/0.9.1/share/nvim/runtime/indent.vim
006.072  000.114  000.114: require('utils')
006.400  000.327  000.327: require('vim.version')
011.345  004.042  004.042: sourcing /Users/ctw02993/.config/nvim/core/globals.lua
011.722  000.132  000.132: sourcing /opt/homebrew/Cellar/neovim/0.9.1/share/nvim/runtime/autoload/provider/clipboard.vim
012.271  000.837  000.705: sourcing /Users/ctw02993/.config/nvim/core/options.vim
012.574  000.155  000.155: require('custom-autocmd')
012.576  000.230  000.075: sourcing /Users/ctw02993/.config/nvim/core/autocommands.vim
012.856  000.008  000.008: require('vim.keymap')
013.509  000.859  000.851: sourcing /Users/ctw02993/.config/nvim/core/mappings.lua
016.576  000.172  000.172: require('packer.util')
016.613  001.941  001.769: require('packer')
016.812  000.196  000.196: require('packer.log')
017.209  000.143  000.143: require('packer.async')
017.505  000.116  000.116: require('packer.result')
017.506  000.296  000.180: require('packer.jobs')
017.510  000.686  000.247: require('packer.plugin_utils')
017.721  000.201  000.201: require('packer.snapshot')
020.486  000.032  000.032: sourcing /Users/ctw02993/.local/share/nvim/site/pack/packer/opt/firenvim/plugin/firenvim.vim
024.957  004.192  004.192: require('impatient')
025.271  000.062  000.062: require('toggleterm.lazy')
025.319  000.046  000.046: require('toggleterm.constants')
025.390  000.069  000.069: require('toggleterm.terminal')
025.394  000.432  000.254: require('toggleterm')
025.489  000.045  000.045: require('toggleterm.colors')
025.535  000.045  000.045: require('toggleterm.utils')
025.538  000.144  000.053: require('toggleterm.config')
025.589  000.003  000.003: require('vim.F')
026.175  000.064  000.064: require('toggleterm.commandline')
026.410  000.049  000.049: require('gitsigns.async')
026.511  000.039  000.039: require('gitsigns.message')
026.522  000.110  000.072: require('gitsigns.config')
026.586  000.063  000.063: require('gitsigns.debug.log')
026.641  000.054  000.054: require('gitsigns.uv')
026.643  000.365  000.089: require('gitsigns')
027.104  000.919  000.554: require('config.gitsigns')
027.569  000.045  000.045: require('nvim-tree.notify')
027.572  000.130  000.085: require('nvim-tree.events')
027.756  000.051  000.051: require('nvim-tree.log')
027.889  000.067  000.067: require('nvim-tree.iterators.node-iterator')
027.908  000.151  000.085: require('nvim-tree.utils')
027.995  000.086  000.086: require('nvim-tree.git.utils')
028.045  000.049  000.049: require('nvim-tree.git.runner')
028.090  000.044  000.044: require('nvim-tree.watcher')
028.136  000.045  000.045: require('nvim-tree.explorer.node')
028.139  000.514  000.087: require('nvim-tree.git')
028.184  000.045  000.045: require('nvim-tree.explorer.watch')
028.269  000.042  000.042: require('nvim-tree.explorer.node-builders')
028.312  000.043  000.043: require('nvim-tree.explorer.sorters')
028.357  000.044  000.044: require('nvim-tree.explorer.filters')
028.461  000.060  000.060: require('nvim-tree.view')
028.463  000.105  000.045: require('nvim-tree.live-filter')
028.511  000.326  000.091: require('nvim-tree.explorer.explore')
028.558  000.046  000.046: require('nvim-tree.explorer.reload')
028.559  000.987  000.057: require('nvim-tree.explorer')
028.561  001.180  000.063: require('nvim-tree.core')
028.605  000.044  000.044: require('nvim-tree.diagnostics')
028.686  000.041  000.041: require('nvim-tree.modified')
028.687  000.081  000.040: require('nvim-tree.renderer.components.modified')
028.729  000.041  000.041: require('nvim-tree.renderer.components.padding')
028.769  000.040  000.040: require('nvim-tree.renderer.components.icons')
028.812  000.042  000.042: require('nvim-tree.renderer.components.full-name')
028.858  000.045  000.045: require('nvim-tree.renderer.components.git')
028.910  000.051  000.051: require('nvim-tree.renderer.builder')
028.956  000.045  000.045: require('nvim-tree.marks')
028.958  001.638  000.070: require('nvim-tree.renderer')
028.961  001.718  000.079: require('nvim-tree.lib')
029.017  000.056  000.056: require('nvim-tree.colors')
029.245  000.040  000.040: require('nvim-tree.actions.finders.find-file')
029.246  000.079  000.039: require('nvim-tree.actions.tree.open')
029.285  000.038  000.038: require('nvim-tree.actions.tree.toggle')
029.329  000.043  000.043: require('nvim-tree.actions.reloaders.reloaders')
029.369  000.039  000.039: require('nvim-tree.actions.root.dir-up')
029.419  000.049  000.049: require('nvim-tree.actions.tree.find-file')
029.470  000.050  000.050: require('nvim-tree.actions.finders.search-node')
029.514  000.043  000.043: require('nvim-tree.actions.tree-modifiers.collapse-all')
029.557  000.041  000.041: require('nvim-tree.actions.tree-modifiers.expand-all')
029.597  000.039  000.039: require('nvim-tree.actions.tree-modifiers.toggles')
029.691  000.050  000.050: require('nvim-tree.keymap')
029.693  000.094  000.043: require('nvim-tree.help')
029.737  000.043  000.043: require('nvim-tree.actions.fs.create-file')
029.780  000.042  000.042: require('nvim-tree.actions.fs.remove-file')
029.821  000.040  000.040: require('nvim-tree.actions.fs.trash')
029.867  000.046  000.046: require('nvim-tree.actions.fs.rename-file')
029.916  000.047  000.047: require('nvim-tree.actions.fs.copy-paste')
029.963  000.043  000.043: require('nvim-tree.actions.node.file-popup')
030.002  000.038  000.038: require('nvim-tree.actions.node.run-command')
030.043  000.040  000.040: require('nvim-tree.actions.node.system-open')
030.082  000.038  000.038: require('nvim-tree.actions.moves.sibling')
030.123  000.039  000.039: require('nvim-tree.actions.moves.parent')
030.162  000.037  000.037: require('nvim-tree.actions.moves.item')
030.212  000.040  000.040: require('nvim-tree.marks.bulk-move')
030.299  000.048  000.048: require('nvim-tree.actions.node.open-file')
030.301  000.088  000.040: require('nvim-tree.marks.navigation')
030.303  001.181  000.085: require('nvim-tree.api')
030.311  001.250  000.069: require('nvim-tree.keymap-legacy')
030.318  001.299  000.049: require('nvim-tree.commands')
030.360  000.041  000.041: require('nvim-tree.actions.root.change-dir')
030.399  000.039  000.039: require('nvim-tree.legacy')
030.534  000.129  000.129: require('vim.diagnostic')
030.543  003.370  000.088: require('nvim-tree')
031.206  000.056  000.056: require('nvim-tree.actions')
031.559  000.207  000.207: require('nvim-web-devicons')
033.413  006.308  002.675: require('config.nvim-tree')
033.585  000.028  000.028: sourcing /Users/ctw02993/.local/share/nvim/site/pack/packer/opt/vim-markdown/ftdetect/markdown.vim
033.727  000.021  000.021: sourcing /Users/ctw02993/.local/share/nvim/site/pack/packer/opt/vim-tmux/ftdetect/tmux.vim
033.754  015.732  003.590: require('packer_compiled')
033.765  020.170  001.412: require('plugins')
033.904  000.063  000.063: sourcing /Users/ctw02993/.config/nvim/autoload/utils.vim
034.204  020.616  000.383: sourcing /Users/ctw02993/.config/nvim/core/plugins.vim
034.400  000.092  000.092: require('gruvbox')
035.220  000.148  000.148: require('gruvbox.groups')
035.275  000.053  000.053: require('gruvbox.palette')
035.792  001.180  000.978: sourcing /Users/ctw02993/.local/share/nvim/site/pack/packer/start/gruvbox.nvim/colors/gruvbox.lua
036.728  002.454  001.183: sourcing /Users/ctw02993/.config/nvim/core/colorschemes.lua
036.746  030.822  001.342: sourcing /Users/ctw02993/.config/nvim/init.lua
036.763  001.354: sourcing vimrc file(s)
037.202  000.014  000.014: sourcing /Users/ctw02993/.config/nvim/ftdetect/pdc.vim
037.253  000.009  000.009: sourcing /Users/ctw02993/.config/nvim/ftdetect/snippets.vim
037.458  000.523  000.500: sourcing /opt/homebrew/Cellar/neovim/0.9.1/share/nvim/runtime/filetype.lua
037.718  000.052  000.052: sourcing /opt/homebrew/Cellar/neovim/0.9.1/share/nvim/runtime/syntax/synload.vim
037.768  000.222  000.170: sourcing /opt/homebrew/Cellar/neovim/0.9.1/share/nvim/runtime/syntax/syntax.vim
038.867  000.072  000.072: sourcing /Users/ctw02993/.config/nvim/plugin/command.vim
038.999  000.055  000.055: sourcing /Users/ctw02993/.config/nvim/plugin/log-autocmds.vim
039.299  000.006  000.006: sourcing /Users/ctw02993/.local/share/nvim/site/pack/packer/opt/firenvim/plugin/firenvim.vim
040.006  000.010  000.010: sourcing /opt/homebrew/Cellar/neovim/0.9.1/share/nvim/runtime/plugin/gzip.vim
040.056  000.006  000.006: sourcing /opt/homebrew/Cellar/neovim/0.9.1/share/nvim/runtime/plugin/health.vim
040.123  000.008  000.008: sourcing /opt/homebrew/Cellar/neovim/0.9.1/share/nvim/runtime/plugin/matchit.vim
040.172  000.007  000.007: sourcing /opt/homebrew/Cellar/neovim/0.9.1/share/nvim/runtime/plugin/matchparen.vim
040.386  000.170  000.170: sourcing /opt/homebrew/Cellar/neovim/0.9.1/share/nvim/runtime/plugin/netrwPlugin.vim
041.861  000.093  000.093: sourcing /opt/homebrew/Cellar/neovim/0.9.1/share/nvim/runtime/autoload/remote/host.vim
042.110  000.084  000.084: sourcing /opt/homebrew/Cellar/neovim/0.9.1/share/nvim/runtime/autoload/remote/define.vim
042.615  002.056  001.879: sourcing /Users/ctw02993/.local/share/nvim/rplugin.vim
042.626  002.188  000.131: sourcing /opt/homebrew/Cellar/neovim/0.9.1/share/nvim/runtime/plugin/rplugin.vim
042.721  000.034  000.034: sourcing /opt/homebrew/Cellar/neovim/0.9.1/share/nvim/runtime/plugin/shada.vim
042.783  000.011  000.011: sourcing /opt/homebrew/Cellar/neovim/0.9.1/share/nvim/runtime/plugin/spellfile.vim
042.862  000.021  000.021: sourcing /opt/homebrew/Cellar/neovim/0.9.1/share/nvim/runtime/plugin/tarPlugin.vim
042.916  000.006  000.006: sourcing /opt/homebrew/Cellar/neovim/0.9.1/share/nvim/runtime/plugin/tohtml.vim
042.974  000.004  000.004: sourcing /opt/homebrew/Cellar/neovim/0.9.1/share/nvim/runtime/plugin/tutor.vim
043.037  000.007  000.007: sourcing /opt/homebrew/Cellar/neovim/0.9.1/share/nvim/runtime/plugin/zipPlugin.vim
044.037  000.033  000.033: sourcing /opt/homebrew/Cellar/neovim/0.9.1/share/nvim/runtime/plugin/editorconfig.lua
044.106  000.020  000.020: sourcing /opt/homebrew/Cellar/neovim/0.9.1/share/nvim/runtime/plugin/man.lua
044.171  000.017  000.017: sourcing /opt/homebrew/Cellar/neovim/0.9.1/share/nvim/runtime/plugin/nvim.lua
044.192  004.008: loading rtp plugins
045.187  000.029  000.029: sourcing /Users/ctw02993/.local/share/nvim/site/pack/packer/start/plenary.nvim/plugin/plenary.vim
045.717  000.017  000.017: sourcing /Users/ctw02993/.local/share/nvim/site/pack/packer/start/vim-be-good/plugin/vim-be-good.vim
046.006  001.768: loading packages
046.014  000.008: loading after plugins
046.023  000.009: inits 3
046.667  000.643: reading ShaDa
046.715  000.048: opening buffers
046.895  000.134  000.134: require('packer.load')
048.302  000.069  000.069: require('nvim-treesitter.utils')
048.820  000.102  000.102: require('vim.treesitter.language')
048.825  000.203  000.101: require('vim.treesitter.query')
048.910  000.084  000.084: require('vim.treesitter._range')
048.913  000.389  000.102: require('vim.treesitter.languagetree')
048.916  000.478  000.089: require('vim.treesitter')
049.156  000.853  000.374: require('nvim-treesitter.parsers')
049.393  000.058  000.058: require('nvim-treesitter.compat')
049.550  000.073  000.073: require('nvim-treesitter.ts_utils')
049.554  000.160  000.087: require('nvim-treesitter.tsrange')
049.655  000.071  000.071: require('nvim-treesitter.caching')
049.667  000.396  000.106: require('nvim-treesitter.query')
049.681  000.474  000.078: require('nvim-treesitter.configs')
049.683  000.526  000.053: require('nvim-treesitter.info')
049.767  000.082  000.082: require('nvim-treesitter.shell_command_selectors')
049.787  001.635  000.104: require('nvim-treesitter.install')
049.841  000.053  000.053: require('nvim-treesitter.statusline')
049.926  000.084  000.084: require('nvim-treesitter.query_predicates')
049.927  001.924  000.152: require('nvim-treesitter')
050.153  002.170  000.246: sourcing /Users/ctw02993/.local/share/nvim/site/pack/packer/opt/nvim-treesitter/plugin/nvim-treesitter.lua
052.317  000.054  000.054: require('nvim-treesitter.highlight')
052.353  002.026  001.972: require('config.treesitter')
052.428  001.383: BufEnter autocommands
052.429  000.001: editing files in windows
083.090  000.565  000.565: sourcing /Users/ctw02993/.local/share/nvim/site/pack/packer/opt/vim-fugitive/plugin/fugitive.vim
083.460  000.006  000.006: sourcing /Users/ctw02993/.local/share/nvim/site/pack/packer/opt/vim-fugitive/ftdetect/fugitive.vim
083.887  000.222  000.222: require('config.fugitive')
084.911  000.068  000.068: require('plenary.functional')
084.919  000.199  000.131: require('plenary.job')
085.068  000.076  000.076: require('plenary.bit')
085.094  000.016  000.016: require('ffi')
085.107  000.187  000.095: require('plenary.path')
085.112  000.550  000.165: require('gitlinker.git')
085.161  000.048  000.048: require('gitlinker.buffer')
085.205  000.043  000.043: require('gitlinker.mappings')
085.300  000.052  000.052: require('gitlinker.actions')
085.301  000.096  000.044: require('gitlinker.opts')
085.354  000.052  000.052: require('gitlinker.hosts')
085.356  000.874  000.085: require('gitlinker')
085.506  001.141  000.267: require('config.git-linker')
087.126  001.569  001.569: require('vim.filetype')
087.684  000.182  000.182: require('vim.filetype.detect')
089.016  000.129  000.129: require('editorconfig')
089.044  000.025  000.025: require('vim.fs')
089.666  000.088  000.088: sourcing /Users/ctw02993/.local/share/nvim/site/pack/packer/opt/vim-commentary/plugin/commentary.vim
090.945  000.059  000.059: sourcing /Users/ctw02993/.local/share/nvim/site/pack/packer/opt/vim-swap/plugin/swap.vim
091.647  000.039  000.039: sourcing /Users/ctw02993/.local/share/nvim/site/pack/packer/opt/whitespace.nvim/plugin/trailing_whitespace.vim
092.619  000.067  000.067: require('indent_blankline/utils')
092.625  000.248  000.181: require('indent_blankline')
092.744  000.058  000.058: require('indent_blankline.commands')
092.814  000.027  000.027: require('vim.inspect')
093.054  000.717  000.384: sourcing /Users/ctw02993/.local/share/nvim/site/pack/packer/opt/indent-blankline.nvim/plugin/indent_blankline.vim
093.481  000.172  000.172: require('config.indent-blankline')
094.023  000.024  000.024: sourcing /Users/ctw02993/.local/share/nvim/site/pack/packer/opt/nvim-web-devicons/plugin/nvim-web-devicons.vim
094.875  000.086  000.086: sourcing /Users/ctw02993/.local/share/nvim/site/pack/packer/opt/open-browser.vim/plugin/openbrowser.vim
095.935  000.052  000.052: require('lualine_require')
096.154  000.348  000.297: require('lualine')
097.942  000.083  000.083: require('lualine.themes.gruvbox_dark')
098.899  000.063  000.063: require('lualine.utils.mode')
156.825  000.123  000.123: require('lualine.extensions.nerdtree')
156.949  061.368  060.750: require('config.statusline')
158.485  000.162  000.162: require('cmp.utils.api')
158.604  000.057  000.057: require('cmp.types.cmp')
158.734  000.059  000.059: require('cmp.utils.misc')
158.769  000.163  000.105: require('cmp.types.lsp')
158.820  000.050  000.050: require('cmp.types.vim')
158.821  000.334  000.064: require('cmp.types')
158.875  000.053  000.053: require('cmp.utils.highlight')
158.977  000.048  000.048: require('cmp.utils.debug')
158.982  000.106  000.058: require('cmp.utils.autocmd')
159.154  000.858  000.204: sourcing /Users/ctw02993/.local/share/nvim/site/pack/packer/opt/nvim-cmp/plugin/cmp.lua
159.750  000.065  000.065: require('cmp.utils.char')
159.754  000.119  000.054: require('cmp.utils.str')
159.802  000.047  000.047: require('cmp.utils.pattern')
159.957  000.045  000.045: require('cmp.utils.buffer')
159.960  000.107  000.062: require('cmp.utils.keymap')
159.963  000.160  000.053: require('cmp.utils.feedkeys')
160.125  000.053  000.053: require('cmp.config.mapping')
160.172  000.046  000.046: require('cmp.utils.cache')
160.273  000.050  000.050: require('cmp.config.compare')
160.275  000.102  000.051: require('cmp.config.default')
160.282  000.262  000.062: require('cmp.config')
160.288  000.324  000.062: require('cmp.utils.async')
160.337  000.048  000.048: require('cmp.context')
160.501  000.046  000.046: require('cmp.matcher')
160.512  000.119  000.073: require('cmp.entry')
160.520  000.182  000.063: require('cmp.source')
160.672  000.061  000.061: require('cmp.utils.event')
160.836  000.045  000.045: require('cmp.utils.options')
160.838  000.105  000.061: require('cmp.utils.window')
160.840  000.167  000.061: require('cmp.view.docs_view')
160.906  000.065  000.065: require('cmp.view.custom_entries_view')
160.965  000.058  000.058: require('cmp.view.wildmenu_entries_view')
161.018  000.052  000.052: require('cmp.view.native_entries_view')
161.087  000.068  000.068: require('cmp.view.ghost_text_view')
161.092  000.570  000.100: require('cmp.view')
161.451  001.887  000.437: require('cmp.core')
161.581  000.061  000.061: require('cmp.config.sources')
161.626  000.043  000.043: require('cmp.config.window')
161.649  002.154  000.163: require('cmp')
161.740  000.090  000.090: require('lspkind')
162.340  002.941  000.697: require('config.nvim-cmp')
163.071  000.110  000.110: require('cmp_omni')
163.083  000.137  000.027: sourcing /Users/ctw02993/.local/share/nvim/site/pack/packer/opt/cmp-omni/after/plugin/cmp_omni.lua
163.792  000.112  000.112: require('cmp_path')
163.803  000.137  000.025: sourcing /Users/ctw02993/.local/share/nvim/site/pack/packer/opt/cmp-path/after/plugin/cmp_path.lua
164.497  000.059  000.059: require('cmp_nvim_lsp.source')
164.499  000.164  000.106: require('cmp_nvim_lsp')
164.508  000.186  000.022: sourcing /Users/ctw02993/.local/share/nvim/site/pack/packer/opt/cmp-nvim-lsp/after/plugin/cmp_nvim_lsp.lua
165.775  000.181  000.181: require('vim.lsp.log')
166.148  000.371  000.371: require('vim.lsp.protocol')
166.430  000.135  000.135: require('vim.lsp._snippet')
166.515  000.084  000.084: require('vim.highlight')
166.526  000.377  000.157: require('vim.lsp.util')
166.539  001.065  000.136: require('vim.lsp.handlers')
166.654  000.114  000.114: require('vim.lsp.rpc')
166.737  000.082  000.082: require('vim.lsp.sync')
166.854  000.116  000.116: require('vim.lsp.semantic_tokens')
166.958  000.103  000.103: require('vim.lsp.buf')
167.053  000.094  000.094: require('vim.lsp.diagnostic')
167.144  000.090  000.090: require('vim.lsp.codelens')
167.206  001.947  000.283: require('vim.lsp')
167.772  002.539  000.592: sourcing /Users/ctw02993/.local/share/nvim/site/pack/packer/opt/nvim-lspconfig/plugin/lspconfig.lua
168.322  000.099  000.099: require('lspconfig.util')
168.324  000.168  000.069: require('lspconfig.configs')
168.325  000.247  000.079: require('lspconfig')
168.446  000.054  000.054: require('lspconfig.server_configurations.pylsp')
168.755  000.057  000.057: require('lspconfig.server_configurations.clangd')
169.041  000.053  000.053: require('lspconfig.server_configurations.vimls')
169.192  001.225  000.814: require('config.lsp')
170.050  000.050  000.050: require('cmp_buffer.timer')
170.053  000.108  000.058: require('cmp_buffer.buffer')
170.055  000.168  000.060: require('cmp_buffer.source')
170.056  000.291  000.123: require('cmp_buffer')
170.071  000.324  000.033: sourcing /Users/ctw02993/.local/share/nvim/site/pack/packer/opt/cmp-buffer/after/plugin/cmp_buffer.lua
170.715  000.084  000.084: require('cmp_emoji')
170.723  000.104  000.020: sourcing /Users/ctw02993/.local/share/nvim/site/pack/packer/opt/cmp-emoji/after/plugin/cmp_emoji.lua
237.194  000.145  000.145: require('nvim-treesitter.locals')
237.574  110.158: VimEnter autocommands
239.678  000.350  000.350: sourcing /Users/ctw02993/.local/share/nvim/site/pack/packer/opt/firenvim/autoload/firenvim.vim
239.711  001.787: UIEnter autocommands
239.714  000.003: before starting main loop
239.928  000.213: first screen update
239.929  000.001: --- NVIM STARTED ---


times in msec
 clock   self+sourced   self:  sourced script
 clock   elapsed:              other lines

000.014  000.014: --- NVIM STARTING ---
000.120  000.106: event init
000.284  000.164: early init
000.552  000.268: locale set
000.604  000.052: init first window
012.579  011.974: inits 1
012.589  000.011: window checked
012.592  000.003: parsing arguments
012.939  000.055  000.055: require('vim.shared')
013.012  000.026  000.026: require('vim._meta')
013.013  000.072  000.046: require('vim._editor')
013.014  000.153  000.026: require('vim._init_packages')
013.015  000.270: init lua interpreter
013.440  000.424: expanding arguments
013.458  000.018: inits 2
013.691  000.233: init highlight
